<?xml version="1.0" ?>
<coverage branch-rate="0" branches-covered="0" branches-valid="6" complexity="0" line-rate="0.1667" lines-covered="2" lines-valid="12" timestamp="1633840536774" version="5.5">
	<!-- Generated by coverage.py: https://coverage.readthedocs.io -->
	<!-- Based on https://raw.githubusercontent.com/cobertura/web/master/htdocs/xml/coverage-04.dtd -->
	<sources>
		<source>/tmp_amd/reed/export/reed/1/z5362296/comp1531/lab04/lab04_primes</source>
	</sources>
	<packages>
		<package branch-rate="0" complexity="0" line-rate="0.1667" name=".">
			<classes>
				<class branch-rate="0" complexity="0" filename="primes.py" line-rate="0.1667" name="primes.py">
					<methods/>
					<lines>
						<line hits="1" number="1"/>
						<line hits="1" number="3"/>
						<line hits="0" number="14"/>
						<line hits="0" number="15"/>
						<line branch="true" condition-coverage="0% (0/2)" hits="0" missing-branches="17,22" number="16"/>
						<line branch="true" condition-coverage="0% (0/2)" hits="0" missing-branches="18,20" number="17"/>
						<line hits="0" number="18"/>
						<line hits="0" number="20"/>
						<line hits="0" number="21"/>
						<line branch="true" condition-coverage="0% (0/2)" hits="0" missing-branches="23,25" number="22"/>
						<line hits="0" number="23"/>
						<line hits="0" number="25"/>
					</lines>
				</class>
			</classes>
		</package>
	</packages>
</coverage>
